java.lang.NullPointerException
    at org.apache.tools.ant.DirectoryScanner.isMorePowerfulThanExcludes(DirectoryScanner.java:1208)
    at org.apache.tools.ant.DirectoryScanner.couldHoldIncluded(DirectoryScanner.java:1168)
    at org.apache.tools.ant.DirectoryScanner.slowScan(DirectoryScanner.java:972)
    at org.apache.tools.ant.DirectoryScanner.getExcludedFiles(DirectoryScanner.java:1335)
    at org.apache.tools.ant.taskdefs.CloverCompilerAdapter.setJavac(1.3.5-build-598:285)
	at org.apache.tools.ant.taskdefs.Javac.compile(Javac.java:928)
    at org.apache.tools.ant.taskdefs.Javac.execute(Javac.java:757)
    at org.apache.tools.ant.UnknownElement.execute(UnknownElement.java:275)
    at org.apache.tools.ant.Task.perform(Task.java:364)
    at org.apache.tools.ant.Target.execute(Target.java:341)
    at org.apache.tools.ant.Target.performTasks(Target.java:369)
    at org.apache.tools.ant.Project.executeSortedTargets(Project.java:1216)
    at org.apache.tools.ant.helper.SingleCheckExecutor.executeTargets(SingleCheckExecutor.java:37)
    at org.apache.tools.ant.Project.executeTargets(Project.java:1068)
    at org.apache.tools.ant.taskdefs.Ant.execute(Ant.java:382)
    at org.apache.tools.ant.taskdefs.CallTarget.execute(CallTarget.java:107)
    at org.apache.tools.ant.UnknownElement.execute(UnknownElement.java:275)
    at org.apache.tools.ant.Task.perform(Task.java:364)
    at org.apache.tools.ant.Target.execute(Target.java:341)
    at org.apache.tools.ant.Target.performTasks(Target.java:369)
    at org.apache.tools.ant.Project.executeSortedTargets(Project.java:1216)
    at org.apache.tools.ant.Project.executeTarget(Project.java:1185)
    at org.apache.tools.ant.helper.DefaultExecutor.executeTargets(DefaultExecutor.java:40)
    at org.apache.tools.ant.Project.executeTargets(Project.java:1068)
    at org.apache.tools.ant.Main.runBuild(Main.java:668)
    at org.apache.tools.ant.Main.startAnt(Main.java:187)
    at org.apache.tools.ant.launch.Launcher.run(Launcher.java:246)
    at org.apache.tools.ant.launch.Launcher.main(Launcher.java:67)
