java.lang.ArrayIndexOutOfBoundsException: 28
        at org.apache.tools.ant.taskdefs.Get$Base64Converter.encode(Get.java:379)
        at org.apache.tools.ant.taskdefs.Get.doGet(Get.java:152)
        at org.apache.tools.ant.taskdefs.Get.execute(Get.java:76)
        at org.apache.tools.ant.UnknownElement.execute(UnknownElement.java:275)
        at org.apache.tools.ant.Task.perform(Task.java:364)
        at org.apache.tools.ant.Target.execute(Target.java:341)
        at org.apache.tools.ant.Target.performTasks(Target.java:369)
        at org.apache.tools.ant.Project.executeSortedTargets(Project.java:1216)
        at org.apache.tools.ant.helper.SingleCheckExecutor.executeTargets(SingleCheckExecutor.java:37)
        at org.apache.tools.ant.Project.executeTargets(Project.java:1068)
        at org.apache.tools.ant.taskdefs.Ant.execute(Ant.java:382)
        at org.apache.tools.ant.taskdefs.CallTarget.execute(CallTarget.java:107)
        at org.apache.tools.ant.UnknownElement.execute(UnknownElement.java:275)
        at org.apache.tools.ant.Task.perform(Task.java:364)
        at org.apache.tools.ant.Target.execute(Target.java:341)
        at org.apache.tools.ant.Target.performTasks(Target.java:369)
        at org.apache.tools.ant.Project.executeSortedTargets(Project.java:1216)
        at org.apache.tools.ant.Project.executeTarget(Project.java:1185)
        at org.apache.tools.ant.helper.DefaultExecutor.executeTargets(DefaultExecutor.java:40)
        at org.apache.tools.ant.Project.executeTargets(Project.java:1068)
        at org.apache.tools.ant.Main.runBuild(Main.java:668)
        at org.apache.tools.ant.Main.startAnt(Main.java:187)
        at org.apache.tools.ant.launch.Launcher.run(Launcher.java:246)
        at org.apache.tools.ant.launch.Launcher.main(Launcher.java:67)