java.lang.ClassNotFoundException: com.dvclabs.logging.client.log4jappender.LoggingInfrastructureAppender
	at java.net.URLClassLoader$1.run(Unknown Source)
	at java.security.AccessController.doPrivileged(Native Method)
	at java.net.URLClassLoader.findClass(Unknown Source)
	at java.lang.ClassLoader.loadClass(Unknown Source)
	at sun.misc.Launcher$AppClassLoader.loadClass(Unknown Source)
	at java.lang.ClassLoader.loadClass(Unknown Source)
	at java.lang.ClassLoader.loadClassInternal(Unknown Source)
	at java.lang.Class.forName0(Native Method)
	at java.lang.Class.forName(Unknown Source)
	at org.apache.log4jb.helpers.Loader.loadClass(Loader.java:179)
	at org.apache.log4jb.xml.DOMConfigurator.parseAppender(DOMConfigurator.java:237)
	at org.apache.log4jb.xml.DOMConfigurator.findAppenderByName(DOMConfigurator.java:171)
	at org.apache.log4jb.xml.DOMConfigurator.findAppenderByReference(DOMConfigurator.java:184)
	at org.apache.log4jb.xml.DOMConfigurator.parseChildrenOfLoggerElement(DOMConfigurator.java:502)
	at org.apache.log4jb.xml.DOMConfigurator.parseRoot(DOMConfigurator.java:471)
	at org.apache.log4jb.xml.DOMConfigurator.parse(DOMConfigurator.java:921)
	at org.apache.log4jb.xml.DOMConfigurator.doConfigure(DOMConfigurator.java:790)
	at org.apache.log4jb.xml.DOMConfigurator.doConfigure(DOMConfigurator.java:682)
	at org.apache.log4jb.xml.DOMConfigurator.configure(DOMConfigurator.java:811)
	