java.lang.NullPointerException
    at org.apache.tools.ant.taskdefs.Sync.removeOrphanFiles(Sync.java:218)
    at org.apache.tools.ant.taskdefs.Sync.execute(Sync.java:118)
    at org.apache.tools.ant.UnknownElement.execute(UnknownElement.java:288)
    at sun.reflect.NativeMethodAccessorImpl.invoke0(Native Method)
    at sun.reflect.NativeMethodAccessorImpl.invoke(NativeMethodAccessorImpl.java:39)
    at sun.reflect.DelegatingMethodAccessorImpl.invoke(DelegatingMethodAccessorImpl.java:25)
    at java.lang.reflect.Method.invoke(Method.java:597)
    at org.apache.tools.ant.dispatch.DispatchUtils.execute(DispatchUtils.java:106)
    at org.apache.tools.ant.Task.perform(Task.java:348)
    at org.apache.tools.ant.Target.execute(Target.java:357)
    at org.apache.tools.ant.Target.performTasks(Target.java:385)
    at org.apache.tools.ant.Project.executeSortedTargets(Project.java:1337)
    at org.apache.tools.ant.Project.executeTarget(Project.java:1306)
    at org.apache.tools.ant.helper.DefaultExecutor.executeTargets(DefaultExecutor.java:41)
    at org.apache.tools.ant.Project.executeTargets(Project.java:1189)
    at org.apache.tools.ant.Main.runBuild(Main.java:758)
    at org.apache.tools.ant.Main.startAnt(Main.java:217)
    at org.apache.tools.ant.launch.Launcher.run(Launcher.java:257)
    at org.apache.tools.ant.launch.Launcher.main(Launcher.java:104)
